<?xml version="1.0" encoding="UTF-8"?>
<!-- Generated by org.testng.reporters.JUnitReportReporter -->
<testsuite hostname="LAPTOP-7DE8II5V" failures="0" tests="1" name="testNGpack2.Test1" time="76.048" errors="0" timestamp="2023-05-24T10:34:46 IST" skipped="0">
  <testcase classname="testNGpack2.Test1" name="test1Method" time="76.048"/>
  <system-out/>
</testsuite> <!-- testNGpack2.Test1 -->
