<?xml version="1.0" encoding="UTF-8"?>
<!-- Generated by org.testng.reporters.JUnitReportReporter -->
<testsuite hostname="LAPTOP-7DE8II5V" failures="0" tests="3" name="testNGpacakage.Demo3" time="0.049" errors="0" timestamp="2023-05-23T09:59:06 IST" skipped="0">
  <testcase classname="testNGpacakage.Demo3" name="x" time="0.045"/>
  <system-out>
    <![CDATA[x method from Demo2]]>
  </system-out>
  <testcase classname="testNGpacakage.Demo3" name="z" time="0.002"/>
  <system-out>
    <![CDATA[z method from Demo2]]>
  </system-out>
  <testcase classname="testNGpacakage.Demo3" name="y" time="0.002"/>
  <system-out>
    <![CDATA[y method from Demo2]]>
  </system-out>
</testsuite> <!-- testNGpacakage.Demo3 -->
