<?xml version="1.0" encoding="UTF-8"?>
<!-- Generated by org.testng.reporters.JUnitReportReporter -->
<testsuite hostname="LAPTOP-7DE8II5V" failures="0" tests="3" name="testNGpacakage.Demo" time="0.057" errors="0" timestamp="2023-05-23T09:59:05 IST" skipped="0">
  <testcase classname="testNGpacakage.Demo" name="g" time="0.003"/>
  <system-out>
    <![CDATA[g method from Demo]]>
  </system-out>
  <testcase classname="testNGpacakage.Demo" name="f" time="0.053"/>
  <system-out>
    <![CDATA[f method from Demo]]>
  </system-out>
  <testcase classname="testNGpacakage.Demo" name="h" time="0.001"/>
  <system-out>
    <![CDATA[h method from Demo]]>
  </system-out>
</testsuite> <!-- testNGpacakage.Demo -->
